c:\users\yk\desktop\formulashow\formulashow\formulashow\debug\vc120.pdb
c:\users\yk\desktop\formulashow\formulashow\formulashow\debug\qwt_mml_entity_table.obj
c:\users\yk\desktop\formulashow\formulashow\formulashow\debug\qwt_mml_document.obj
c:\users\yk\desktop\formulashow\formulashow\formulashow\debug\main.obj
c:\users\yk\desktop\formulashow\formulashow\formulashow\debug\moc_formulaview.obj
c:\users\yk\desktop\formulashow\formulashow\formulashow\debug\moc_formulashow.obj
c:\users\yk\desktop\formulashow\formulashow\formulashow\debug\formulaview.obj
c:\users\yk\desktop\formulashow\formulashow\formulashow\debug\formulashow.obj
c:\users\yk\desktop\formulashow\formulashow\formulashow\debug\qrc_formulashow.obj
c:\users\yk\desktop\formulashow\formulashow\formulashow\generatedfiles\ui_formulashow.h
c:\users\yk\desktop\formulashow\formulashow\formulashow\generatedfiles\debug\moc_formulaview.cpp
c:\users\yk\desktop\formulashow\formulashow\formulashow\generatedfiles\qrc_formulashow.cpp
c:\users\yk\desktop\formulashow\formulashow\formulashow\generatedfiles\debug\moc_formulashow.cpp
c:\users\yk\desktop\formulashow\formulashow\win32\debug\formulashow.ilk
c:\users\yk\desktop\formulashow\formulashow\win32\debug\formulashow.exe
c:\users\yk\desktop\formulashow\formulashow\win32\debug\formulashow.pdb
c:\users\musk\desktop\formulashow\formulashow\formulashow\debug\formulashow.obj
c:\users\musk\desktop\formulashow\formulashow\formulashow\debug\formulaview.obj
c:\users\musk\desktop\formulashow\formulashow\formulashow\debug\main.obj
c:\users\musk\desktop\formulashow\formulashow\formulashow\debug\moc_formulashow.obj
c:\users\musk\desktop\formulashow\formulashow\formulashow\debug\moc_formulaview.obj
c:\users\musk\desktop\formulashow\formulashow\formulashow\debug\qrc_formulashow.obj
c:\users\musk\desktop\formulashow\formulashow\formulashow\debug\qwt_mml_document.obj
c:\users\musk\desktop\formulashow\formulashow\formulashow\debug\qwt_mml_entity_table.obj
c:\users\musk\desktop\formulashow\formulashow\formulashow\debug\vc120.pdb
c:\users\musk\desktop\formulashow\formulashow\formulashow\debug\formulashow.tlog\cl.command.1.tlog
c:\users\musk\desktop\formulashow\formulashow\formulashow\debug\formulashow.tlog\cl.read.1.tlog
c:\users\musk\desktop\formulashow\formulashow\formulashow\debug\formulashow.tlog\cl.write.1.tlog
c:\users\musk\desktop\formulashow\formulashow\formulashow\debug\formulashow.tlog\custombuild.command.1.tlog
c:\users\musk\desktop\formulashow\formulashow\formulashow\debug\formulashow.tlog\custombuild.read.1.tlog
c:\users\musk\desktop\formulashow\formulashow\formulashow\debug\formulashow.tlog\custombuild.write.1.tlog
c:\users\musk\desktop\formulashow\formulashow\formulashow\debug\formulashow.tlog\link.command.1.tlog
c:\users\musk\desktop\formulashow\formulashow\formulashow\debug\formulashow.tlog\link.read.1.tlog
c:\users\musk\desktop\formulashow\formulashow\formulashow\debug\formulashow.tlog\link.write.1.tlog
