c:\users\yk\desktop\formulashow\formulashow\formulashow\release\qwt_mml_entity_table.obj
c:\users\yk\desktop\formulashow\formulashow\formulashow\release\qwt_mml_document.obj
c:\users\yk\desktop\formulashow\formulashow\formulashow\release\main.obj
c:\users\yk\desktop\formulashow\formulashow\formulashow\release\moc_formulaview.obj
c:\users\yk\desktop\formulashow\formulashow\formulashow\release\moc_formulashow.obj
c:\users\yk\desktop\formulashow\formulashow\formulashow\release\formulaview.obj
c:\users\yk\desktop\formulashow\formulashow\formulashow\release\formulashow.obj
c:\users\yk\desktop\formulashow\formulashow\formulashow\release\qrc_formulashow.obj
c:\users\yk\desktop\formulashow\formulashow\formulashow\generatedfiles\ui_formulashow.h
c:\users\yk\desktop\formulashow\formulashow\formulashow\generatedfiles\release\moc_formulaview.cpp
c:\users\yk\desktop\formulashow\formulashow\formulashow\generatedfiles\qrc_formulashow.cpp
c:\users\yk\desktop\formulashow\formulashow\formulashow\generatedfiles\release\moc_formulashow.cpp
c:\users\yk\desktop\formulashow\formulashow\win32\release\formulashow.exe
c:\users\yk\desktop\formulashow\formulashow\formulashow\release\formulashow.tlog\cl.command.1.tlog
c:\users\yk\desktop\formulashow\formulashow\formulashow\release\formulashow.tlog\cl.read.1.tlog
c:\users\yk\desktop\formulashow\formulashow\formulashow\release\formulashow.tlog\cl.write.1.tlog
c:\users\yk\desktop\formulashow\formulashow\formulashow\release\formulashow.tlog\custombuild.command.1.tlog
c:\users\yk\desktop\formulashow\formulashow\formulashow\release\formulashow.tlog\custombuild.read.1.tlog
c:\users\yk\desktop\formulashow\formulashow\formulashow\release\formulashow.tlog\custombuild.write.1.tlog
c:\users\yk\desktop\formulashow\formulashow\formulashow\release\formulashow.tlog\link.command.1.tlog
c:\users\yk\desktop\formulashow\formulashow\formulashow\release\formulashow.tlog\link.read.1.tlog
c:\users\yk\desktop\formulashow\formulashow\formulashow\release\formulashow.tlog\link.write.1.tlog
